<?xml version="1.0" encoding="UTF-8"?>
<!-- Generated by org.testng.reporters.JUnitReportReporter -->
<testsuite skipped="0" hostname="GGAURAVS-IN" name="base.Base" tests="1" failures="0" timestamp="06 Apr 2019 06:46:00 GMT" time="8.859" errors="0">
  <testcase name="Initialize" time="8.859" classname="base.Base"/>
</testsuite> <!-- base.Base -->
