<?xml version="1.0" encoding="UTF-8"?>
<!-- Generated by org.testng.reporters.JUnitReportReporter -->
<testsuite skipped="0" hostname="GGAURAVS-IN" name="Util.TestUtil" tests="1" failures="0" timestamp="25 Apr 2019 10:20:46 GMT" time="5.235" errors="0">
  <testcase name="dubby" time="5.235" classname="Util.TestUtil"/>
</testsuite> <!-- Util.TestUtil -->
