<?xml version="1.0" encoding="UTF-8"?>
<!-- Generated by org.testng.reporters.JUnitReportReporter -->
<testsuite skipped="0" hostname="GGAURAVS-IN" name="testcases.TestCase" tests="1" failures="0" timestamp="07 Apr 2019 04:59:30 GMT" time="23.362" errors="0">
  <testcase name="Tc_01" time="23.362" classname="testcases.TestCase"/>
</testsuite> <!-- testcases.TestCase -->
