<?xml version="1.0" encoding="UTF-8"?>
<!-- Generated by org.testng.reporters.JUnitReportReporter -->
<testsuite skipped="0" hostname="GGAURAVS-IN" name="testcases.TestCases" tests="4" failures="0" timestamp="09 May 2019 08:10:49 GMT" time="34.802" errors="0">
  <testcase name="Tc_03" time="5.879" classname="testcases.TestCases"/>
  <testcase name="Tc_02" time="5.307" classname="testcases.TestCases"/>
  <testcase name="Tc_01" time="23.049" classname="testcases.TestCases"/>
  <testcase name="Tc_04" time="0.567" classname="testcases.TestCases"/>
</testsuite> <!-- testcases.TestCases -->
