<?xml version="1.0" encoding="UTF-8"?>
<!-- Generated by org.testng.reporters.JUnitReportReporter -->
<testsuite hostname="GGAURAVS-IN" failures="0" tests="2" name="testcases.visaTest" time="3.807" errors="0" timestamp="2021-02-05T13:42:36 IST" skipped="0">
  <testcase classname="testcases.visaTest" name="login" time="3.764"/>
  <testcase classname="testcases.visaTest" name="visaTestCase" time="0.043"/>
</testsuite> <!-- testcases.visaTest -->
