<?xml version="1.0" encoding="UTF-8"?>
<!-- Generated by org.testng.reporters.JUnitReportReporter -->
<testsuite skipped="0" hostname="GGAURAVS-IN" name="demo.practice" tests="1" failures="0" timestamp="09 May 2019 08:01:01 GMT" time="0.010" errors="0">
  <testcase name="abc" time="0.010" classname="demo.practice"/>
</testsuite> <!-- demo.practice -->
